<?xml version="1.0" encoding="UTF-8"?>
<!-- Generated by org.testng.reporters.JUnitXMLReporter -->
<testsuite hostname="LM-BWI-00876263" name="Default test" tests="2" failures="1" timestamp="6 Oct 2016 20:36:51 GMT" time="0.39" errors="0">
  <testcase name="demoReportFail" time="0.011" classname="ExtentReport.SeleniumReport.App">
    <failure type="java.lang.AssertionError" message="expected [true] but found [false]">
      <![CDATA[java.lang.AssertionError: expected [true] but found [false]
	at ExtentReport.SeleniumReport.App.demoReportFail(App.java:48)
... Removed 29 stack frames]]>
    </failure>
  </testcase> <!-- demoReportFail -->
  <testcase name="demoReportPass" time="0.003" classname="ExtentReport.SeleniumReport.App"/>
</testsuite> <!-- Default test -->
